CRITICAL - 2023-03-08 20:11:56 --> Argument 3 passed to CodeIgniter\Router\RouteCollection::get() must be of the type array or null, string given, called in C:\Users\User\Desktop\project-root\app\Config\Routes.php on line 33
in SYSTEMPATH\Router\RouteCollection.php on line 915.
 1 APPPATH\Config\Routes.php(33): CodeIgniter\Router\RouteCollection->get('C:\\', 'user-login', 'Api\\AuthController::userLogin')
 2 SYSTEMPATH\Router\RouteCollection.php(267): require('APPPATH\\Config\\Routes.php')
 3 SYSTEMPATH\CodeIgniter.php(802): CodeIgniter\Router\RouteCollection->loadRoutes()
 4 SYSTEMPATH\CodeIgniter.php(449): CodeIgniter\CodeIgniter->tryToRouteIt(null)
 5 SYSTEMPATH\CodeIgniter.php(368): CodeIgniter\CodeIgniter->handleRequest(null, Object(Config\Cache), false)
 6 FCPATH\index.php(67): CodeIgniter\CodeIgniter->run()
 7 SYSTEMPATH\Commands\Server\rewrite.php(47): require_once('FCPATH\\index.php')
CRITICAL - 2023-03-08 20:13:00 --> Argument 3 passed to CodeIgniter\Router\RouteCollection::get() must be of the type array or null, string given, called in C:\Users\User\Desktop\project-root\app\Config\Routes.php on line 33
in SYSTEMPATH\Router\RouteCollection.php on line 915.
 1 APPPATH\Config\Routes.php(33): CodeIgniter\Router\RouteCollection->get('C:\\', 'user-login', 'Api\\AuthController::userLogin')
 2 SYSTEMPATH\Router\RouteCollection.php(267): require('APPPATH\\Config\\Routes.php')
 3 SYSTEMPATH\CodeIgniter.php(802): CodeIgniter\Router\RouteCollection->loadRoutes()
 4 SYSTEMPATH\CodeIgniter.php(449): CodeIgniter\CodeIgniter->tryToRouteIt(null)
 5 SYSTEMPATH\CodeIgniter.php(368): CodeIgniter\CodeIgniter->handleRequest(null, Object(Config\Cache), false)
 6 FCPATH\index.php(67): CodeIgniter\CodeIgniter->run()
 7 SYSTEMPATH\Commands\Server\rewrite.php(47): require_once('FCPATH\\index.php')
CRITICAL - 2023-03-08 20:21:53 --> Argument 3 passed to CodeIgniter\Router\RouteCollection::get() must be of the type array or null, string given, called in C:\Users\User\Desktop\project-root\app\Config\Routes.php on line 33
in SYSTEMPATH\Router\RouteCollection.php on line 915.
 1 APPPATH\Config\Routes.php(33): CodeIgniter\Router\RouteCollection->get('C:\\', 'user-login', 'Api\\AuthController::userLogin')
 2 SYSTEMPATH\Router\RouteCollection.php(267): require('APPPATH\\Config\\Routes.php')
 3 SYSTEMPATH\CodeIgniter.php(802): CodeIgniter\Router\RouteCollection->loadRoutes()
 4 SYSTEMPATH\CodeIgniter.php(449): CodeIgniter\CodeIgniter->tryToRouteIt(null)
 5 SYSTEMPATH\CodeIgniter.php(368): CodeIgniter\CodeIgniter->handleRequest(null, Object(Config\Cache), false)
 6 FCPATH\index.php(67): CodeIgniter\CodeIgniter->run()
 7 SYSTEMPATH\Commands\Server\rewrite.php(47): require_once('FCPATH\\index.php')
CRITICAL - 2023-03-08 20:21:57 --> Argument 3 passed to CodeIgniter\Router\RouteCollection::get() must be of the type array or null, string given, called in C:\Users\User\Desktop\project-root\app\Config\Routes.php on line 33
in SYSTEMPATH\Router\RouteCollection.php on line 915.
 1 APPPATH\Config\Routes.php(33): CodeIgniter\Router\RouteCollection->get('C:\\', 'user-login', 'Api\\AuthController::userLogin')
 2 SYSTEMPATH\Router\RouteCollection.php(267): require('APPPATH\\Config\\Routes.php')
 3 SYSTEMPATH\CodeIgniter.php(802): CodeIgniter\Router\RouteCollection->loadRoutes()
 4 SYSTEMPATH\CodeIgniter.php(449): CodeIgniter\CodeIgniter->tryToRouteIt(null)
 5 SYSTEMPATH\CodeIgniter.php(368): CodeIgniter\CodeIgniter->handleRequest(null, Object(Config\Cache), false)
 6 FCPATH\index.php(67): CodeIgniter\CodeIgniter->run()
 7 SYSTEMPATH\Commands\Server\rewrite.php(47): require_once('FCPATH\\index.php')
CRITICAL - 2023-03-08 20:22:43 --> Argument 3 passed to CodeIgniter\Router\RouteCollection::get() must be of the type array or null, string given, called in C:\Users\User\Desktop\project-root\app\Config\Routes.php on line 33
in SYSTEMPATH\Router\RouteCollection.php on line 915.
 1 APPPATH\Config\Routes.php(33): CodeIgniter\Router\RouteCollection->get('C:\\', 'user-login', 'Api\\AuthController::userLogin')
 2 SYSTEMPATH\Router\RouteCollection.php(267): require('APPPATH\\Config\\Routes.php')
 3 SYSTEMPATH\CodeIgniter.php(802): CodeIgniter\Router\RouteCollection->loadRoutes()
 4 SYSTEMPATH\CodeIgniter.php(449): CodeIgniter\CodeIgniter->tryToRouteIt(null)
 5 SYSTEMPATH\CodeIgniter.php(368): CodeIgniter\CodeIgniter->handleRequest(null, Object(Config\Cache), false)
 6 FCPATH\index.php(67): CodeIgniter\CodeIgniter->run()
 7 SYSTEMPATH\Commands\Server\rewrite.php(47): require_once('FCPATH\\index.php')
CRITICAL - 2023-03-08 20:23:22 --> Argument 3 passed to CodeIgniter\Router\RouteCollection::get() must be of the type array or null, string given, called in C:\Users\User\Desktop\project-root\app\Config\Routes.php on line 33
in SYSTEMPATH\Router\RouteCollection.php on line 915.
 1 APPPATH\Config\Routes.php(33): CodeIgniter\Router\RouteCollection->get('C:\\', 'user-login', 'Api\\AuthController::userLogin')
 2 SYSTEMPATH\Router\RouteCollection.php(267): require('APPPATH\\Config\\Routes.php')
 3 SYSTEMPATH\CodeIgniter.php(802): CodeIgniter\Router\RouteCollection->loadRoutes()
 4 SYSTEMPATH\CodeIgniter.php(449): CodeIgniter\CodeIgniter->tryToRouteIt(null)
 5 SYSTEMPATH\CodeIgniter.php(368): CodeIgniter\CodeIgniter->handleRequest(null, Object(Config\Cache), false)
 6 FCPATH\index.php(67): CodeIgniter\CodeIgniter->run()
 7 SYSTEMPATH\Commands\Server\rewrite.php(47): require_once('FCPATH\\index.php')
CRITICAL - 2023-03-08 20:25:05 --> Argument 3 passed to CodeIgniter\Router\RouteCollection::get() must be of the type array or null, string given, called in C:\Users\User\Desktop\project-root\app\Config\Routes.php on line 33
in SYSTEMPATH\Router\RouteCollection.php on line 915.
 1 APPPATH\Config\Routes.php(33): CodeIgniter\Router\RouteCollection->get('C:\\', 'user-login', 'Api\\AuthController::userLogin')
 2 SYSTEMPATH\Router\RouteCollection.php(267): require('APPPATH\\Config\\Routes.php')
 3 SYSTEMPATH\CodeIgniter.php(802): CodeIgniter\Router\RouteCollection->loadRoutes()
 4 SYSTEMPATH\CodeIgniter.php(449): CodeIgniter\CodeIgniter->tryToRouteIt(null)
 5 SYSTEMPATH\CodeIgniter.php(368): CodeIgniter\CodeIgniter->handleRequest(null, Object(Config\Cache), false)
 6 FCPATH\index.php(67): CodeIgniter\CodeIgniter->run()
 7 SYSTEMPATH\Commands\Server\rewrite.php(47): require_once('FCPATH\\index.php')
CRITICAL - 2023-03-08 20:25:15 --> Argument 3 passed to CodeIgniter\Router\RouteCollection::get() must be of the type array or null, string given, called in C:\Users\User\Desktop\project-root\app\Config\Routes.php on line 33
in SYSTEMPATH\Router\RouteCollection.php on line 915.
 1 APPPATH\Config\Routes.php(33): CodeIgniter\Router\RouteCollection->get('C:\\', 'user-login', 'Api\\AuthController::userLogin')
 2 SYSTEMPATH\Router\RouteCollection.php(267): require('APPPATH\\Config\\Routes.php')
 3 SYSTEMPATH\CodeIgniter.php(802): CodeIgniter\Router\RouteCollection->loadRoutes()
 4 SYSTEMPATH\CodeIgniter.php(449): CodeIgniter\CodeIgniter->tryToRouteIt(null)
 5 SYSTEMPATH\CodeIgniter.php(368): CodeIgniter\CodeIgniter->handleRequest(null, Object(Config\Cache), false)
 6 FCPATH\index.php(67): CodeIgniter\CodeIgniter->run()
 7 SYSTEMPATH\Commands\Server\rewrite.php(47): require_once('FCPATH\\index.php')
CRITICAL - 2023-03-08 20:25:25 --> Argument 3 passed to CodeIgniter\Router\RouteCollection::get() must be of the type array or null, string given, called in C:\Users\User\Desktop\project-root\app\Config\Routes.php on line 33
in SYSTEMPATH\Router\RouteCollection.php on line 915.
 1 APPPATH\Config\Routes.php(33): CodeIgniter\Router\RouteCollection->get('C:\\', 'user-login', 'Api\\AuthController::userLogin')
 2 SYSTEMPATH\Router\RouteCollection.php(267): require('APPPATH\\Config\\Routes.php')
 3 SYSTEMPATH\CodeIgniter.php(802): CodeIgniter\Router\RouteCollection->loadRoutes()
 4 SYSTEMPATH\CodeIgniter.php(449): CodeIgniter\CodeIgniter->tryToRouteIt(null)
 5 SYSTEMPATH\CodeIgniter.php(368): CodeIgniter\CodeIgniter->handleRequest(null, Object(Config\Cache), false)
 6 FCPATH\index.php(67): CodeIgniter\CodeIgniter->run()
 7 SYSTEMPATH\Commands\Server\rewrite.php(47): require_once('FCPATH\\index.php')
INFO - 2023-03-08 20:26:19 --> Session: Class initialized using 'CodeIgniter\Session\Handlers\FileHandler' driver.
CRITICAL - 2023-03-08 20:26:19 --> Undefined index: username
in VENDORPATH\codeigniter4\shield\src\Authentication\Authenticators\Session.php on line 281.
 1 VENDORPATH\codeigniter4\shield\src\Authentication\Authenticators\Session.php(281): CodeIgniter\Debug\Exceptions->errorHandler(8, 'Undefined index: username', 'VENDORPATH\\codeigniter4\\shield\\src\\Authentication\\Authenticators\\Session.php', 281, [...])
 2 VENDORPATH\codeigniter4\shield\src\Authentication\Authenticators\Session.php(135): CodeIgniter\Shield\Authentication\Authenticators\Session->recordLoginAttempt([...], false, '::1', 'Mozilla/5.0 (Windows NT 10.0; Win64; x64) AppleWebKit/537.36 (KHTML, like Gecko) Chrome/110.0.0.0 Safari/537.36')
 3 VENDORPATH\codeigniter4\shield\src\Auth.php(159): CodeIgniter\Shield\Authentication\Authenticators\Session->attempt([...])
 4 APPPATH\Controllers\Api\AuthController.php(18): CodeIgniter\Shield\Auth->__call('attempt', [...])
 5 SYSTEMPATH\CodeIgniter.php(934): App\Controllers\Api\AuthController->UserLogin()
 6 SYSTEMPATH\CodeIgniter.php(499): CodeIgniter\CodeIgniter->runController(Object(App\Controllers\Api\AuthController))
 7 SYSTEMPATH\CodeIgniter.php(368): CodeIgniter\CodeIgniter->handleRequest(null, Object(Config\Cache), false)
 8 FCPATH\index.php(67): CodeIgniter\CodeIgniter->run()
 9 SYSTEMPATH\Commands\Server\rewrite.php(47): require_once('FCPATH\\index.php')
INFO - 2023-03-08 20:29:16 --> Session: Class initialized using 'CodeIgniter\Session\Handlers\FileHandler' driver.
INFO - 2023-03-08 20:29:16 --> Session: Class initialized using 'CodeIgniter\Session\Handlers\FileHandler' driver.
INFO - 2023-03-08 20:31:06 --> Session: Class initialized using 'CodeIgniter\Session\Handlers\FileHandler' driver.
INFO - 2023-03-08 20:31:06 --> Session: Class initialized using 'CodeIgniter\Session\Handlers\FileHandler' driver.
INFO - 2023-03-08 20:31:45 --> Session: Class initialized using 'CodeIgniter\Session\Handlers\FileHandler' driver.
INFO - 2023-03-08 20:31:46 --> Session: Class initialized using 'CodeIgniter\Session\Handlers\FileHandler' driver.
INFO - 2023-03-08 20:31:46 --> Session: Class initialized using 'CodeIgniter\Session\Handlers\FileHandler' driver.
INFO - 2023-03-08 20:34:24 --> Session: Class initialized using 'CodeIgniter\Session\Handlers\FileHandler' driver.
INFO - 2023-03-08 20:34:30 --> Session: Class initialized using 'CodeIgniter\Session\Handlers\FileHandler' driver.
INFO - 2023-03-08 20:35:00 --> Session: Class initialized using 'CodeIgniter\Session\Handlers\FileHandler' driver.
INFO - 2023-03-08 20:42:20 --> Session: Class initialized using 'CodeIgniter\Session\Handlers\FileHandler' driver.
INFO - 2023-03-08 20:43:23 --> Session: Class initialized using 'CodeIgniter\Session\Handlers\FileHandler' driver.
INFO - 2023-03-08 20:45:07 --> Session: Class initialized using 'CodeIgniter\Session\Handlers\FileHandler' driver.
INFO - 2023-03-08 20:45:07 --> Session: Class initialized using 'CodeIgniter\Session\Handlers\FileHandler' driver.
INFO - 2023-03-08 20:45:07 --> Session: Class initialized using 'CodeIgniter\Session\Handlers\FileHandler' driver.
INFO - 2023-03-08 20:45:14 --> Session: Class initialized using 'CodeIgniter\Session\Handlers\FileHandler' driver.
INFO - 2023-03-08 20:45:14 --> Session: Class initialized using 'CodeIgniter\Session\Handlers\FileHandler' driver.
INFO - 2023-03-08 20:45:14 --> Session: Class initialized using 'CodeIgniter\Session\Handlers\FileHandler' driver.
INFO - 2023-03-08 20:45:28 --> Session: Class initialized using 'CodeIgniter\Session\Handlers\FileHandler' driver.
INFO - 2023-03-08 20:49:59 --> Session: Class initialized using 'CodeIgniter\Session\Handlers\FileHandler' driver.
CRITICAL - 2023-03-08 20:49:59 --> Undefined variable: row_token
in APPPATH\Controllers\Api\AuthController.php on line 23.
 1 APPPATH\Controllers\Api\AuthController.php(23): CodeIgniter\Debug\Exceptions->errorHandler(8, 'Undefined variable: row_token', 'APPPATH\\Controllers\\Api\\AuthController.php', 23, [...])
 2 SYSTEMPATH\CodeIgniter.php(934): App\Controllers\Api\AuthController->UserLogin()
 3 SYSTEMPATH\CodeIgniter.php(499): CodeIgniter\CodeIgniter->runController(Object(App\Controllers\Api\AuthController))
 4 SYSTEMPATH\CodeIgniter.php(368): CodeIgniter\CodeIgniter->handleRequest(null, Object(Config\Cache), false)
 5 FCPATH\index.php(67): CodeIgniter\CodeIgniter->run()
 6 SYSTEMPATH\Commands\Server\rewrite.php(47): require_once('FCPATH\\index.php')
INFO - 2023-03-08 20:51:14 --> Session: Class initialized using 'CodeIgniter\Session\Handlers\FileHandler' driver.
INFO - 2023-03-08 20:51:49 --> Session: Class initialized using 'CodeIgniter\Session\Handlers\FileHandler' driver.
INFO - 2023-03-08 20:51:52 --> Session: Class initialized using 'CodeIgniter\Session\Handlers\FileHandler' driver.
